[     373ms] [WARNING] THREE.THREE.Clock: This module has been deprecated. Please use THREE.Timer instead. @ http://localhost:3000/_next/static/chunks/node_modules_next_dist_115brz8._.js:2431
[  102107ms] [WARNING] THREE.THREE.Clock: This module has been deprecated. Please use THREE.Timer instead. @ http://localhost:3000/_next/static/chunks/node_modules_next_dist_115brz8._.js:2431
[  107258ms] [WARNING] THREE.THREE.Clock: This module has been deprecated. Please use THREE.Timer instead. @ http://localhost:3000/_next/static/chunks/node_modules_next_dist_115brz8._.js:2431
[  112635ms] ReferenceError: useState is not defined
    at SceneContent (http://localhost:3000/_next/static/chunks/src_components_canvas_SceneCanvas_tsx_0488sd1._.js?id=%255Bproject%255D%252Fsrc%252Fcomponents%252Fcanvas%252FSceneCanvas.tsx+%255Bapp-client%255D+%2528ecmascript%2529:950:37)
    at Object.react_stack_bottom_frame (http://localhost:3000/_next/static/chunks/node_modules_%40react-three_fiber_dist_0bah4le._.js:13199:32)
    at It (http://localhost:3000/_next/static/chunks/node_modules_%40react-three_fiber_dist_0bah4le._.js:9068:25)
    at ks (http://localhost:3000/_next/static/chunks/node_modules_%40react-three_fiber_dist_0bah4le._.js:10188:374)
    at tt (http://localhost:3000/_next/static/chunks/node_modules_%40react-three_fiber_dist_0bah4le._.js:10519:32)
    at B (http://localhost:3000/_next/static/chunks/node_modules_%40react-three_fiber_dist_0bah4le._.js:7885:70)
    at Ph (http://localhost:3000/_next/static/chunks/node_modules_%40react-three_fiber_dist_0bah4le._.js:12411:50)
    at wh (http://localhost:3000/_next/static/chunks/node_modules_%40react-three_fiber_dist_0bah4le._.js:12328:36)
    at Ff (http://localhost:3000/_next/static/chunks/node_modules_%40react-three_fiber_dist_0bah4le._.js:12319:21)
    at Lf (http://localhost:3000/_next/static/chunks/node_modules_%40react-three_fiber_dist_0bah4le._.js:12090:75)
    at Ap (http://localhost:3000/_next/static/chunks/node_modules_%40react-three_fiber_dist_0bah4le._.js:8286:35)
    at Wa (http://localhost:3000/_next/static/chunks/node_modules_%40react-three_fiber_dist_0bah4le._.js:8230:165)
    at Ls (http://localhost:3000/_next/static/chunks/node_modules_%40react-three_fiber_dist_0bah4le._.js:12183:51)
    at Object.hu [as scheduleRefresh] (http://localhost:3000/_next/static/chunks/node_modules_%40react-three_fiber_dist_0bah4le._.js:6583:71)
    at http://localhost:3000/_next/static/chunks/node_modules_next_dist_compiled_0rpq4pf._.js:391:33
    at Set.forEach (<anonymous>)
    at Object.performReactRefresh (http://localhost:3000/_next/static/chunks/node_modules_next_dist_compiled_0rpq4pf._.js:384:38)
    at applyUpdate (http://localhost:3000/_next/static/chunks/node_modules_next_dist_compiled_0rpq4pf._.js:878:31)
    at http://localhost:3000/_next/static/chunks/node_modules_next_dist_compiled_0rpq4pf._.js:886:13
[  112642ms] ReferenceError: useState is not defined
    at SceneContent (http://localhost:3000/_next/static/chunks/src_components_canvas_SceneCanvas_tsx_0488sd1._.js?id=%255Bproject%255D%252Fsrc%252Fcomponents%252Fcanvas%252FSceneCanvas.tsx+%255Bapp-client%255D+%2528ecmascript%2529:950:37)
    at Object.react_stack_bottom_frame (http://localhost:3000/_next/static/chunks/node_modules_%40react-three_fiber_dist_0bah4le._.js:13199:32)
    at It (http://localhost:3000/_next/static/chunks/node_modules_%40react-three_fiber_dist_0bah4le._.js:9068:25)
    at ks (http://localhost:3000/_next/static/chunks/node_modules_%40react-three_fiber_dist_0bah4le._.js:10188:374)
    at tt (http://localhost:3000/_next/static/chunks/node_modules_%40react-three_fiber_dist_0bah4le._.js:10519:32)
    at B (http://localhost:3000/_next/static/chunks/node_modules_%40react-three_fiber_dist_0bah4le._.js:7885:70)
    at Ph (http://localhost:3000/_next/static/chunks/node_modules_%40react-three_fiber_dist_0bah4le._.js:12411:50)
    at wh (http://localhost:3000/_next/static/chunks/node_modules_%40react-three_fiber_dist_0bah4le._.js:12328:36)
    at Ff (http://localhost:3000/_next/static/chunks/node_modules_%40react-three_fiber_dist_0bah4le._.js:12319:21)
    at Lf (http://localhost:3000/_next/static/chunks/node_modules_%40react-three_fiber_dist_0bah4le._.js:12090:75)
    at Ap (http://localhost:3000/_next/static/chunks/node_modules_%40react-three_fiber_dist_0bah4le._.js:8286:35)
    at Wa (http://localhost:3000/_next/static/chunks/node_modules_%40react-three_fiber_dist_0bah4le._.js:8230:165)
    at Ls (http://localhost:3000/_next/static/chunks/node_modules_%40react-three_fiber_dist_0bah4le._.js:12183:51)
    at Object.hu [as scheduleRefresh] (http://localhost:3000/_next/static/chunks/node_modules_%40react-three_fiber_dist_0bah4le._.js:6583:71)
    at http://localhost:3000/_next/static/chunks/node_modules_next_dist_compiled_0rpq4pf._.js:391:33
    at Set.forEach (<anonymous>)
    at Object.performReactRefresh (http://localhost:3000/_next/static/chunks/node_modules_next_dist_compiled_0rpq4pf._.js:384:38)
    at applyUpdate (http://localhost:3000/_next/static/chunks/node_modules_next_dist_compiled_0rpq4pf._.js:878:31)
    at http://localhost:3000/_next/static/chunks/node_modules_next_dist_compiled_0rpq4pf._.js:886:13
[  112643ms] ReferenceError: useState is not defined
    at SceneContent (http://localhost:3000/_next/static/chunks/src_components_canvas_SceneCanvas_tsx_0488sd1._.js?id=%255Bproject%255D%252Fsrc%252Fcomponents%252Fcanvas%252FSceneCanvas.tsx+%255Bapp-client%255D+%2528ecmascript%2529:950:37)
    at Object.react_stack_bottom_frame (http://localhost:3000/_next/static/chunks/node_modules_%40react-three_fiber_dist_0bah4le._.js:13199:32)
    at It (http://localhost:3000/_next/static/chunks/node_modules_%40react-three_fiber_dist_0bah4le._.js:9068:25)
    at ks (http://localhost:3000/_next/static/chunks/node_modules_%40react-three_fiber_dist_0bah4le._.js:10188:374)
    at tt (http://localhost:3000/_next/static/chunks/node_modules_%40react-three_fiber_dist_0bah4le._.js:10519:32)
    at B (http://localhost:3000/_next/static/chunks/node_modules_%40react-three_fiber_dist_0bah4le._.js:7885:70)
    at Ph (http://localhost:3000/_next/static/chunks/node_modules_%40react-three_fiber_dist_0bah4le._.js:12411:50)
    at wh (http://localhost:3000/_next/static/chunks/node_modules_%40react-three_fiber_dist_0bah4le._.js:12328:36)
    at Ff (http://localhost:3000/_next/static/chunks/node_modules_%40react-three_fiber_dist_0bah4le._.js:12319:21)
    at Lf (http://localhost:3000/_next/static/chunks/node_modules_%40react-three_fiber_dist_0bah4le._.js:12090:75)
    at Tu (http://localhost:3000/_next/static/chunks/node_modules_%40react-three_fiber_dist_0bah4le._.js:8282:129)
    at MessagePort.performWorkUntilDeadline (http://localhost:3000/_next/static/chunks/node_modules_0y1rbop._.js:325:64)
[  129339ms] [WARNING] [Fast Refresh] performing full reload because your application had an unrecoverable error @ http://localhost:3000/_next/static/chunks/node_modules_next_dist_115brz8._.js:2431
[  129706ms] [WARNING] THREE.THREE.Clock: This module has been deprecated. Please use THREE.Timer instead. @ http://localhost:3000/_next/static/chunks/node_modules_next_dist_115brz8._.js:2431
[  129752ms] ReferenceError: useState is not defined
    at SceneContent (http://localhost:3000/_next/static/chunks/src_components_canvas_SceneCanvas_tsx_0488sd1._.js:951:37)
    at Object.react_stack_bottom_frame (http://localhost:3000/_next/static/chunks/node_modules_%40react-three_fiber_dist_0bah4le._.js:13199:32)
    at It (http://localhost:3000/_next/static/chunks/node_modules_%40react-three_fiber_dist_0bah4le._.js:9068:25)
    at ks (http://localhost:3000/_next/static/chunks/node_modules_%40react-three_fiber_dist_0bah4le._.js:10188:374)
    at tt (http://localhost:3000/_next/static/chunks/node_modules_%40react-three_fiber_dist_0bah4le._.js:10519:32)
    at B (http://localhost:3000/_next/static/chunks/node_modules_%40react-three_fiber_dist_0bah4le._.js:7885:70)
    at Ph (http://localhost:3000/_next/static/chunks/node_modules_%40react-three_fiber_dist_0bah4le._.js:12411:50)
    at wh (http://localhost:3000/_next/static/chunks/node_modules_%40react-three_fiber_dist_0bah4le._.js:12328:36)
    at Ff (http://localhost:3000/_next/static/chunks/node_modules_%40react-three_fiber_dist_0bah4le._.js:12319:21)
    at Lf (http://localhost:3000/_next/static/chunks/node_modules_%40react-three_fiber_dist_0bah4le._.js:12090:75)
    at Tu (http://localhost:3000/_next/static/chunks/node_modules_%40react-three_fiber_dist_0bah4le._.js:8282:129)
    at MessagePort.performWorkUntilDeadline (http://localhost:3000/_next/static/chunks/node_modules_0y1rbop._.js:325:64)
[  129758ms] ReferenceError: useState is not defined
    at SceneContent (http://localhost:3000/_next/static/chunks/src_components_canvas_SceneCanvas_tsx_0488sd1._.js:951:37)
    at Object.react_stack_bottom_frame (http://localhost:3000/_next/static/chunks/node_modules_%40react-three_fiber_dist_0bah4le._.js:13199:32)
    at It (http://localhost:3000/_next/static/chunks/node_modules_%40react-three_fiber_dist_0bah4le._.js:9068:25)
    at ks (http://localhost:3000/_next/static/chunks/node_modules_%40react-three_fiber_dist_0bah4le._.js:10188:374)
    at tt (http://localhost:3000/_next/static/chunks/node_modules_%40react-three_fiber_dist_0bah4le._.js:10519:32)
    at B (http://localhost:3000/_next/static/chunks/node_modules_%40react-three_fiber_dist_0bah4le._.js:7885:70)
    at Ph (http://localhost:3000/_next/static/chunks/node_modules_%40react-three_fiber_dist_0bah4le._.js:12411:50)
    at wh (http://localhost:3000/_next/static/chunks/node_modules_%40react-three_fiber_dist_0bah4le._.js:12328:36)
    at Ff (http://localhost:3000/_next/static/chunks/node_modules_%40react-three_fiber_dist_0bah4le._.js:12319:21)
    at Lf (http://localhost:3000/_next/static/chunks/node_modules_%40react-three_fiber_dist_0bah4le._.js:12090:75)
    at Tu (http://localhost:3000/_next/static/chunks/node_modules_%40react-three_fiber_dist_0bah4le._.js:8282:129)
    at MessagePort.performWorkUntilDeadline (http://localhost:3000/_next/static/chunks/node_modules_0y1rbop._.js:325:64)
[  151637ms] [WARNING] [Fast Refresh] performing full reload because your application had an unrecoverable error @ http://localhost:3000/_next/static/chunks/node_modules_next_dist_115brz8._.js:2431
[  152006ms] [WARNING] THREE.THREE.Clock: This module has been deprecated. Please use THREE.Timer instead. @ http://localhost:3000/_next/static/chunks/node_modules_next_dist_115brz8._.js:2431
[  152034ms] ReferenceError: useState is not defined
    at SceneContent (http://localhost:3000/_next/static/chunks/src_components_canvas_SceneCanvas_tsx_0488sd1._.js:951:37)
    at Object.react_stack_bottom_frame (http://localhost:3000/_next/static/chunks/node_modules_%40react-three_fiber_dist_0bah4le._.js:13199:32)
    at It (http://localhost:3000/_next/static/chunks/node_modules_%40react-three_fiber_dist_0bah4le._.js:9068:25)
    at ks (http://localhost:3000/_next/static/chunks/node_modules_%40react-three_fiber_dist_0bah4le._.js:10188:374)
    at tt (http://localhost:3000/_next/static/chunks/node_modules_%40react-three_fiber_dist_0bah4le._.js:10519:32)
    at B (http://localhost:3000/_next/static/chunks/node_modules_%40react-three_fiber_dist_0bah4le._.js:7885:70)
    at Ph (http://localhost:3000/_next/static/chunks/node_modules_%40react-three_fiber_dist_0bah4le._.js:12411:50)
    at wh (http://localhost:3000/_next/static/chunks/node_modules_%40react-three_fiber_dist_0bah4le._.js:12328:36)
    at Ff (http://localhost:3000/_next/static/chunks/node_modules_%40react-three_fiber_dist_0bah4le._.js:12319:21)
    at Lf (http://localhost:3000/_next/static/chunks/node_modules_%40react-three_fiber_dist_0bah4le._.js:12090:75)
    at Tu (http://localhost:3000/_next/static/chunks/node_modules_%40react-three_fiber_dist_0bah4le._.js:8282:129)
    at MessagePort.performWorkUntilDeadline (http://localhost:3000/_next/static/chunks/node_modules_0y1rbop._.js:325:64)
[  152039ms] ReferenceError: useState is not defined
    at SceneContent (http://localhost:3000/_next/static/chunks/src_components_canvas_SceneCanvas_tsx_0488sd1._.js:951:37)
    at Object.react_stack_bottom_frame (http://localhost:3000/_next/static/chunks/node_modules_%40react-three_fiber_dist_0bah4le._.js:13199:32)
    at It (http://localhost:3000/_next/static/chunks/node_modules_%40react-three_fiber_dist_0bah4le._.js:9068:25)
    at ks (http://localhost:3000/_next/static/chunks/node_modules_%40react-three_fiber_dist_0bah4le._.js:10188:374)
    at tt (http://localhost:3000/_next/static/chunks/node_modules_%40react-three_fiber_dist_0bah4le._.js:10519:32)
    at B (http://localhost:3000/_next/static/chunks/node_modules_%40react-three_fiber_dist_0bah4le._.js:7885:70)
    at Ph (http://localhost:3000/_next/static/chunks/node_modules_%40react-three_fiber_dist_0bah4le._.js:12411:50)
    at wh (http://localhost:3000/_next/static/chunks/node_modules_%40react-three_fiber_dist_0bah4le._.js:12328:36)
    at Ff (http://localhost:3000/_next/static/chunks/node_modules_%40react-three_fiber_dist_0bah4le._.js:12319:21)
    at Lf (http://localhost:3000/_next/static/chunks/node_modules_%40react-three_fiber_dist_0bah4le._.js:12090:75)
    at Tu (http://localhost:3000/_next/static/chunks/node_modules_%40react-three_fiber_dist_0bah4le._.js:8282:129)
    at MessagePort.performWorkUntilDeadline (http://localhost:3000/_next/static/chunks/node_modules_0y1rbop._.js:325:64)
[  165101ms] [WARNING] [Fast Refresh] performing full reload because your application had an unrecoverable error @ http://localhost:3000/_next/static/chunks/node_modules_next_dist_115brz8._.js:2431
[  165472ms] [WARNING] THREE.THREE.Clock: This module has been deprecated. Please use THREE.Timer instead. @ http://localhost:3000/_next/static/chunks/node_modules_next_dist_115brz8._.js:2431
[  184055ms] [WARNING] THREE.THREE.Clock: This module has been deprecated. Please use THREE.Timer instead. @ http://localhost:3000/_next/static/chunks/node_modules_next_dist_115brz8._.js:2431
[  212374ms] [ERROR] WebSocket connection to 'ws://localhost:3000/_next/webpack-hmr?id=FW0taweFkEApIO-0ikBZx' failed: Error in connection establishment: net::ERR_CONNECTION_REFUSED @ http://localhost:3000/_next/static/chunks/node_modules_next_dist_client_0fhqo1d._.js:13299
[  213376ms] [ERROR] WebSocket connection to 'ws://localhost:3000/_next/webpack-hmr?id=FW0taweFkEApIO-0ikBZx' failed: Error in connection establishment: net::ERR_CONNECTION_REFUSED @ http://localhost:3000/_next/static/chunks/node_modules_next_dist_client_0fhqo1d._.js:13299
[  214739ms] [WARNING] THREE.THREE.Clock: This module has been deprecated. Please use THREE.Timer instead. @ http://localhost:3000/_next/static/chunks/node_modules_next_dist_115brz8._.js:2431
